<?xml version="1.0" encoding="UTF-8"?>
<!-- Generated by org.testng.reporters.JUnitReportReporter -->
<testsuite hostname="DESKTOP-SDSLJ94" failures="0" tests="1" name="com.test.BaseUI" time="35.328" errors="0" timestamp="2024-07-30T22:56:48 PDT" skipped="0">
  <testcase classname="com.test.BaseUI" name="CaptureScreen" time="35.328"/>
</testsuite> <!-- com.test.BaseUI -->
