<?xml version="1.0" encoding="UTF-8"?>
<!-- Generated by org.testng.reporters.JUnitReportReporter -->
<testsuite hostname="DESKTOP-SDSLJ94" failures="0" tests="1" name="com.test.LoginUI" time="55.903" errors="0" timestamp="2024-07-29T07:10:24 PDT" skipped="0">
  <testcase classname="com.test.LoginUI" name="teslogin" time="55.903"/>
</testsuite> <!-- com.test.LoginUI -->

