<?xml version="1.0" encoding="UTF-8"?>
<!-- Generated by org.testng.reporters.JUnitReportReporter -->
<testsuite hostname="DESKTOP-SDSLJ94" failures="0" tests="1" name="dsfsfdsf" time="0.024" errors="0" timestamp="2024-07-27T12:47:30 PDT" skipped="0">
  <testcase classname="dsfsfdsf" name="fdskf" time="0.024"/>
</testsuite> <!-- dsfsfdsf -->
